<?xml version="1.0" encoding="UTF-8"?>
<testng-results skipped="0" failed="0" ignored="0" total="1" passed="1">
  <reporter-output>
  </reporter-output>
  <suite name="Default suite" duration-ms="201772" started-at="2020-03-15T22:05:01Z" finished-at="2020-03-15T22:08:23Z">
    <groups>
    </groups>
    <test name="Default test" duration-ms="201772" started-at="2020-03-15T22:05:01Z" finished-at="2020-03-15T22:08:23Z">
      <class name="TestCases.SampleTestCase">
        <test-method status="PASS" signature="setup()[pri:0, instance:TestCases.SampleTestCase@29774679]" name="setup" is-config="true" duration-ms="18593" started-at="2020-03-15T22:05:01Z" finished-at="2020-03-15T22:05:20Z">
          <reporter-output>
          </reporter-output>
        </test-method> <!-- setup -->
        <test-method status="PASS" signature="execution()[pri:0, instance:TestCases.SampleTestCase@29774679]" name="execution" duration-ms="180772" started-at="2020-03-15T22:05:20Z" finished-at="2020-03-15T22:08:21Z">
          <reporter-output>
          </reporter-output>
        </test-method> <!-- execution -->
        <test-method status="PASS" signature="cleanup()[pri:0, instance:TestCases.SampleTestCase@29774679]" name="cleanup" is-config="true" duration-ms="2355" started-at="2020-03-15T22:08:21Z" finished-at="2020-03-15T22:08:23Z">
          <reporter-output>
          </reporter-output>
        </test-method> <!-- cleanup -->
      </class> <!-- TestCases.SampleTestCase -->
    </test> <!-- Default test -->
  </suite> <!-- Default suite -->
</testng-results>
